<?xml version="1.0" encoding="UTF-8"?>
<!-- Generated by org.testng.reporters.JUnitReportReporter -->
<testsuite hostname="DESKTOP-UKOTUFR" failures="0" tests="3" name="TestCaseAddtoCart" time="13.826" errors="0" timestamp="2023-10-24T12:39:52 EET" skipped="0">
  <testcase classname="TestCaseAddtoCart" name="LoginWithStandardUSer" time="2.568"/>
  <system-out/>
  <testcase classname="TestCaseAddtoCart" name="LoginWithProblemUser" time="2.357"/>
  <system-out/>
  <testcase classname="TestCaseAddtoCart" name="LoginWithPerformanceUser" time="8.901"/>
  <system-out/>
</testsuite> <!-- TestCaseAddtoCart -->
