<?xml version="1.0" encoding="UTF-8"?>
<!-- Generated by org.testng.reporters.JUnitReportReporter -->
<testsuite hostname="DESKTOP-UKOTUFR" failures="0" tests="3" name="myNewTest" time="13.563" errors="0" timestamp="2023-10-24T12:41:51 EET" skipped="0">
  <testcase classname="myNewTest" name="LoginWithStandardUSer" time="2.353"/>
  <system-out/>
  <testcase classname="myNewTest" name="LoginWithProblemUser" time="3.440"/>
  <system-out/>
  <testcase classname="myNewTest" name="LoginWithPerformanceUser" time="7.770"/>
  <system-out/>
</testsuite> <!-- myNewTest -->
